Toplam 86 dizi bulundu.
İkinci El Kralları Bölümler, Kısa Videolar, Haberler çekiliyor...
Gizli Milyarder Bölümler, Kısa Videolar, Haberler çekiliyor...
Ed Stafford ile Ormana Dönüş Bölümler, Kısa Videolar, Haberler çekiliyor...
Sakkara: Hiyerogliflerin Sırrı Bölümler, Kısa Videolar, Haberler çekiliyor...
Robert Downey Jr.&#039;ın Rüya Arabaları Bölümler, Kısa Videolar, Haberler çekiliyor...
Sakkara: Hiyerogliflerin Sırrı Bölümler, Kısa Videolar, Haberler tamamlandı, 0 bölüm bulundu.
Hurda Avcıları Bölümler, Kısa Videolar, Haberler çekiliyor...
Ed Stafford ile Ormana Dönüş Bölümler, Kısa Videolar, Haberler tamamlandı, 12 bölüm bulundu.
Robert Downey Jr.&#039;ın Rüya Arabaları Bölümler, Kısa Videolar, Haberler tamamlandı, 6 bölüm bulundu.
Antik Mısır: Bir İmparatorluğun Güncesi Bölümler, Kısa Videolar, Haberler çekiliyor...
Piramitler: Gizem Aydınlanıyor Bölümler, Kısa Videolar, Haberler çekiliyor...
Antik Mısır: Bir İmparatorluğun Güncesi Bölümler, Kısa Videolar, Haberler tamamlandı, 8 bölüm bulundu.
Bir Soygunun İçinde Bölümler, Kısa Videolar, Haberler çekiliyor...
Piramitler: Gizem Aydınlanıyor Bölümler, Kısa Videolar, Haberler tamamlandı, 12 bölüm bulundu.
Alaska Evleri Bölümler, Kısa Videolar, Haberler çekiliyor...
Gizli Milyarder Bölümler, Kısa Videolar, Haberler tamamlandı, 22 bölüm bulundu.
Altın Peşinde Bölümler, Kısa Videolar, Haberler çekiliyor...
Bir Soygunun İçinde Bölümler, Kısa Videolar, Haberler tamamlandı, 12 bölüm bulundu.
Ed Stafford ile Çingenelerle 60 Gün Bölümler, Kısa Videolar, Haberler çekiliyor...
Ed Stafford ile Çingenelerle 60 Gün Bölümler, Kısa Videolar, Haberler tamamlandı, 0 bölüm bulundu.
Sakın Yakalanma! Bölümler, Kısa Videolar, Haberler çekiliyor...
Sakın Yakalanma! Bölümler, Kısa Videolar, Haberler tamamlandı, 8 bölüm bulundu.
Denizde Can Derdinde Bölümler, Kısa Videolar, Haberler çekiliyor...
Denizde Can Derdinde Bölümler, Kısa Videolar, Haberler tamamlandı, 9 bölüm bulundu.
Biggie ve Tupac&#039;ı Kim Öldürdü? Bölümler, Kısa Videolar, Haberler çekiliyor...
Biggie ve Tupac&#039;ı Kim Öldürdü? Bölümler, Kısa Videolar, Haberler tamamlandı, 3 bölüm bulundu.
Escobar&#039;ın Kayıp Milyonları Bölümler, Kısa Videolar, Haberler çekiliyor...
Escobar&#039;ın Kayıp Milyonları Bölümler, Kısa Videolar, Haberler tamamlandı, 12 bölüm bulundu.
Tamirat Tadilat Bölümler, Kısa Videolar, Haberler çekiliyor...
Alaska Evleri Bölümler, Kısa Videolar, Haberler tamamlandı, 49 bölüm bulundu.
Alaska Üçgeni  Bölümler, Kısa Videolar, Haberler çekiliyor...
Alaska Üçgeni  Bölümler, Kısa Videolar, Haberler tamamlandı, 20 bölüm bulundu.
Truva Atı: Bir Efsanenin İzinde Bölümler, Kısa Videolar, Haberler çekiliyor...
Truva Atı: Bir Efsanenin İzinde Bölümler, Kısa Videolar, Haberler tamamlandı, 0 bölüm bulundu.
Bilinmeyene Yolculuk: Geleceğe Dönüş Bölümler, Kısa Videolar, Haberler çekiliyor...
Bilinmeyene Yolculuk: Geleceğe Dönüş Bölümler, Kısa Videolar, Haberler tamamlandı, 4 bölüm bulundu.
Ed Stafford ile Amazon Macerası Bölümler, Kısa Videolar, Haberler çekiliyor...
Ed Stafford ile Amazon Macerası Bölümler, Kısa Videolar, Haberler tamamlandı, 0 bölüm bulundu.
Gizli Milyarder: İkinci Şans Bölümler, Kısa Videolar, Haberler çekiliyor...
Gizli Milyarder: İkinci Şans Bölümler, Kısa Videolar, Haberler tamamlandı, 6 bölüm bulundu.
Hazine Arayışı: Yılan Adası Bölümler, Kısa Videolar, Haberler çekiliyor...
Hurda Avcıları Bölümler, Kısa Videolar, Haberler tamamlandı, 111 bölüm bulundu.
Guy&#039;ın Hawaii Tarzı Bölümler, Kısa Videolar, Haberler çekiliyor...
Guy&#039;ın Hawaii Tarzı Bölümler, Kısa Videolar, Haberler tamamlandı, 4 bölüm bulundu.
Mike Brewer&#039; Araba Dünyası Bölümler, Kısa Videolar, Haberler çekiliyor...
Hazine Arayışı: Yılan Adası Bölümler, Kısa Videolar, Haberler tamamlandı, 15 bölüm bulundu.
Yolda Ne Yiyoruz? Bölümler, Kısa Videolar, Haberler çekiliyor...
Mike Brewer&#039; Araba Dünyası Bölümler, Kısa Videolar, Haberler tamamlandı, 10 bölüm bulundu.
Krallar Vadisi: Kayıp Mezarlar Bölümler, Kısa Videolar, Haberler çekiliyor...
Krallar Vadisi: Kayıp Mezarlar Bölümler, Kısa Videolar, Haberler tamamlandı, 0 bölüm bulundu.
Everest Hava Kurtarma Ekibi Bölümler, Kısa Videolar, Haberler çekiliyor...
Everest Hava Kurtarma Ekibi Bölümler, Kısa Videolar, Haberler tamamlandı, 0 bölüm bulundu.
Üç Adam Dört Teker Bölümler, Kısa Videolar, Haberler çekiliyor...
Üç Adam Dört Teker Bölümler, Kısa Videolar, Haberler tamamlandı, 12 bölüm bulundu.
İkinci El Kralları Bölümler, Kısa Videolar, Haberler tamamlandı, 139 bölüm bulundu.
Kurtul Bakalım Bölümler, Kısa Videolar, Haberler çekiliyor...
Lezzet Peşinde Bölümler, Kısa Videolar, Haberler çekiliyor...
Lezzet Peşinde Bölümler, Kısa Videolar, Haberler tamamlandı, 7 bölüm bulundu.
Bear Grylls ile Everest Mücadelesi Bölümler, Kısa Videolar, Haberler çekiliyor...
Bear Grylls ile Everest Mücadelesi Bölümler, Kısa Videolar, Haberler tamamlandı, 0 bölüm bulundu.
Hayalet Hastanesi Bölümler, Kısa Videolar, Haberler çekiliyor...
Hayalet Hastanesi Bölümler, Kısa Videolar, Haberler tamamlandı, 0 bölüm bulundu.
ninja-warrior çekiliyor...
ninja-warrior tamamlandı, 0 bölüm bulundu.
Kurtul Bakalım Bölümler, Kısa Videolar, Haberler tamamlandı, 10 bölüm bulundu.
kirsalda-yasamak-zor çekiliyor...
Antika Avcıları Bölümler, Kısa Videolar, Haberler çekiliyor...
kirsalda-yasamak-zor tamamlandı, 0 bölüm bulundu.
Antika Avcıları Bölümler, Kısa Videolar, Haberler tamamlandı, 0 bölüm bulundu.
usta-soforler çekiliyor...
Korku Rotası Bölümler, Kısa Videolar, Haberler çekiliyor...
usta-soforler tamamlandı, 0 bölüm bulundu.
dogada-dimdizlak çekiliyor...
dogada-dimdizlak tamamlandı, 0 bölüm bulundu.
Tamirat Tadilat Bölümler, Kısa Videolar, Haberler tamamlandı, 122 bölüm bulundu.
everest-kurtarma-ekibi çekiliyor...
Bear Grylls ile Zor Kurtuluş Bölümler, Kısa Videolar, Haberler çekiliyor...
Bear Grylls ile Zor Kurtuluş Bölümler, Kısa Videolar, Haberler tamamlandı, 0 bölüm bulundu.
everest-kurtarma-ekibi tamamlandı, 0 bölüm bulundu.
bering-bogazinda-altin çekiliyor...
Ed Stafford ile Adada 60 Gün Bölümler, Kısa Videolar, Haberler çekiliyor...
bering-bogazinda-altin tamamlandı, 0 bölüm bulundu.
Ed Stafford ile Adada 60 Gün Bölümler, Kısa Videolar, Haberler tamamlandı, 0 bölüm bulundu.
morgan-freeman-ile-evrenin-sirlari çekiliyor...
Alaska&#039;yı Mesken Tuttuk Bölümler, Kısa Videolar, Haberler çekiliyor...
morgan-freeman-ile-evrenin-sirlari tamamlandı, 0 bölüm bulundu.
vahsi-frank çekiliyor...
vahsi-frank tamamlandı, 0 bölüm bulundu.
megan-fox-ile-kayip-efsaneler çekiliyor...
megan-fox-ile-kayip-efsaneler tamamlandı, 0 bölüm bulundu.
hazinelerin-sirri çekiliyor...
hazinelerin-sirri tamamlandı, 0 bölüm bulundu.
bilinmeyene-yolculuk çekiliyor...
bilinmeyene-yolculuk tamamlandı, 0 bölüm bulundu.
tyson-kopekbaligina-karsi çekiliyor...
Korku Rotası Bölümler, Kısa Videolar, Haberler tamamlandı, 10 bölüm bulundu.
Tamir Ustası Ant Anstead Bölümler, Kısa Videolar, Haberler çekiliyor...
tyson-kopekbaligina-karsi tamamlandı, 0 bölüm bulundu.
alaskanin-uc-noktasi çekiliyor...
alaskanin-uc-noktasi tamamlandı, 0 bölüm bulundu.
Yolda Ne Yiyoruz? Bölümler, Kısa Videolar, Haberler tamamlandı, 26 bölüm bulundu.
nasil-yapilir çekiliyor...
ed-stafford-ve-ailesi-yabanda çekiliyor...
nasil-yapilir tamamlandı, 0 bölüm bulundu.
ed-stafford-ve-ailesi-yabanda tamamlandı, 0 bölüm bulundu.
kirli-isler çekiliyor...
ben-bunu-yerim çekiliyor...
kirli-isler tamamlandı, 0 bölüm bulundu.
ben-bunu-yerim tamamlandı, 0 bölüm bulundu.
hayvanlar-bunu-nasil-yapiyor çekiliyor...
apollo-kayip-kayitlar çekiliyor...
hayvanlar-bunu-nasil-yapiyor tamamlandı, 0 bölüm bulundu.
apollo-kayip-kayitlar tamamlandı, 0 bölüm bulundu.
yukonda-yasam çekiliyor...
goblin-works-garaji çekiliyor...
yukonda-yasam tamamlandı, 0 bölüm bulundu.
goblin-works-garaji tamamlandı, 0 bölüm bulundu.
yabanda-kayip çekiliyor...
yokolusun-sinirinda çekiliyor...
yabanda-kayip tamamlandı, 0 bölüm bulundu.
yokolusun-sinirinda tamamlandı, 0 bölüm bulundu.
nasil-uretilmis çekiliyor...
ates-ve-yemek çekiliyor...
nasil-uretilmis tamamlandı, 0 bölüm bulundu.
ates-ve-yemek tamamlandı, 0 bölüm bulundu.
canavar-timsah-isgali çekiliyor...
jeff-bezosun-uzay-yolculugu çekiliyor...
canavar-timsah-isgali tamamlandı, 0 bölüm bulundu.
jeff-bezosun-uzay-yolculugu tamamlandı, 0 bölüm bulundu.
Tamir Ustası Ant Anstead Bölümler, Kısa Videolar, Haberler tamamlandı, 12 bölüm bulundu.
larry-ve-george-turkiyede çekiliyor...
nasanin-aciklanamayan-dosyalari çekiliyor...
Merak: Dünyanın En Pis Adamı Bölümler, Kısa Videolar, Haberler çekiliyor...
larry-ve-george-turkiyede tamamlandı, 0 bölüm bulundu.
nasanin-aciklanamayan-dosyalari tamamlandı, 0 bölüm bulundu.
dizel-kardesler çekiliyor...
her-sey-nasil-yapilir çekiliyor...
dizel-kardesler tamamlandı, 0 bölüm bulundu.
her-sey-nasil-yapilir tamamlandı, 0 bölüm bulundu.
Merak: Dünyanın En Pis Adamı Bölümler, Kısa Videolar, Haberler tamamlandı, 0 bölüm bulundu.
tesla-bir-cinayetin-perde-arkasi çekiliyor...
sas-cesaret-eden-kazanir çekiliyor...
bermuda-seytan-ucgeni-laneti çekiliyor...
tesla-bir-cinayetin-perde-arkasi tamamlandı, 0 bölüm bulundu.
sas-cesaret-eden-kazanir tamamlandı, 0 bölüm bulundu.
altin-pesinde-parkerin-yolu çekiliyor...
emlak-savaslari çekiliyor...
altin-pesinde-parkerin-yolu tamamlandı, 0 bölüm bulundu.
emlak-savaslari tamamlandı, 0 bölüm bulundu.
nasanin-gelecege-yolculugu çekiliyor...
sira-disi-karavanlar çekiliyor...
nasanin-gelecege-yolculugu tamamlandı, 0 bölüm bulundu.
sira-disi-karavanlar tamamlandı, 0 bölüm bulundu.
amerikali-tarzan çekiliyor...
sifreler-ve-komplolar çekiliyor...
amerikali-tarzan tamamlandı, 0 bölüm bulundu.
sifreler-ve-komplolar tamamlandı, 0 bölüm bulundu.
gurkan-sef-ile-ates-oyunlari çekiliyor...
otoban çekiliyor...
gurkan-sef-ile-ates-oyunlari tamamlandı, 0 bölüm bulundu.
otoban tamamlandı, 0 bölüm bulundu.
denizkizlari-yeni-kanit çekiliyor...
gumruk-kontrol çekiliyor...
denizkizlari-yeni-kanit tamamlandı, 0 bölüm bulundu.
gumruk-kontrol tamamlandı, 0 bölüm bulundu.
merak-yellowstone-ulusal-parki çekiliyor...
maradonayi-olduren-sir çekiliyor...
merak-yellowstone-ulusal-parki tamamlandı, 0 bölüm bulundu.
maradonayi-olduren-sir tamamlandı, 0 bölüm bulundu.
bermuda-seytan-ucgeni-laneti tamamlandı, 8 bölüm bulundu.
Alaska&#039;yı Mesken Tuttuk Bölümler, Kısa Videolar, Haberler tamamlandı, 34 bölüm bulundu.
Altın Peşinde Bölümler, Kısa Videolar, Haberler tamamlandı, 223 bölüm bulundu.
Tüm diziler işlendi!
